<?xml version="1.0" encoding="UTF-8"?>
<testsuite name="NumberToolsTest" tests="2" skipped="0" failures="0" errors="0" timestamp="2024-10-23T14:20:43" hostname="DESKTOP-5ELO88H" time="0.015">
  <properties/>
  <testcase name="testParse" classname="NumberToolsTest" time="0.004"/>
  <testcase name="testComputeStatistic" classname="NumberToolsTest" time="0.011"/>
  <system-out><![CDATA[]]></system-out>
  <system-err><![CDATA[]]></system-err>
</testsuite>
